2023-09-19 09:29:27[main][INFO][com.IntelligentAuditingApplication.logStarting][50]-> Starting IntelligentAuditingApplication v0.0.1-SNAPSHOT on DESKTOP-6DR8OND with PID 31116 (E:\榆林\intelligentAuditing-website-tianshui.jar started by Mayzh in E:\榆林)
2023-09-19 09:29:27[main][INFO][com.IntelligentAuditingApplication.logStartupProfileInfo][652]-> The following profiles are active: tianshui
2023-09-19 09:29:30[main][INFO][org.springframework.data.repository.config.RepositoryConfigurationDelegate.multipleStoresDetected][244]-> Multiple Spring Data modules found, entering strict repository configuration mode!
2023-09-19 09:29:30[main][INFO][org.springframework.data.repository.config.RepositoryConfigurationDelegate.registerRepositoriesIn][126]-> Bootstrapping Spring Data repositories in DEFAULT mode.
2023-09-19 09:29:31[main][INFO][org.springframework.data.repository.config.RepositoryConfigurationDelegate.registerRepositoriesIn][182]-> Finished Spring Data repository scanning in 549ms. Found 0 repository interfaces.
2023-09-19 09:29:31[main][INFO][com.ulisesbocchio.jasyptspringboot.configuration.EnableEncryptablePropertiesBeanFactoryPostProcessor.postProcessBeanFactory][48]-> Post-processing PropertySource instances
2023-09-19 09:29:31[main][INFO][com.ulisesbocchio.jasyptspringboot.EncryptablePropertySourceConverter.makeEncryptable][41]-> Converting PropertySource configurationProperties [org.springframework.boot.context.properties.source.ConfigurationPropertySourcesPropertySource] to AOP Proxy
2023-09-19 09:29:31[main][INFO][com.ulisesbocchio.jasyptspringboot.EncryptablePropertySourceConverter.makeEncryptable][41]-> Converting PropertySource servletConfigInitParams [org.springframework.core.env.PropertySource$StubPropertySource] to EncryptablePropertySourceWrapper
2023-09-19 09:29:31[main][INFO][com.ulisesbocchio.jasyptspringboot.EncryptablePropertySourceConverter.makeEncryptable][41]-> Converting PropertySource servletContextInitParams [org.springframework.core.env.PropertySource$StubPropertySource] to EncryptablePropertySourceWrapper
2023-09-19 09:29:31[main][INFO][com.ulisesbocchio.jasyptspringboot.EncryptablePropertySourceConverter.makeEncryptable][41]-> Converting PropertySource systemProperties [org.springframework.core.env.PropertiesPropertySource] to EncryptableMapPropertySourceWrapper
2023-09-19 09:29:31[main][INFO][com.ulisesbocchio.jasyptspringboot.EncryptablePropertySourceConverter.makeEncryptable][41]-> Converting PropertySource systemEnvironment [org.springframework.boot.env.SystemEnvironmentPropertySourceEnvironmentPostProcessor$OriginAwareSystemEnvironmentPropertySource] to EncryptableSystemEnvironmentPropertySourceWrapper
2023-09-19 09:29:31[main][INFO][com.ulisesbocchio.jasyptspringboot.EncryptablePropertySourceConverter.makeEncryptable][41]-> Converting PropertySource random [org.springframework.boot.env.RandomValuePropertySource] to EncryptablePropertySourceWrapper
2023-09-19 09:29:31[main][INFO][com.ulisesbocchio.jasyptspringboot.EncryptablePropertySourceConverter.makeEncryptable][41]-> Converting PropertySource applicationConfig: [classpath:/application-tianshui.yml] [org.springframework.boot.env.OriginTrackedMapPropertySource] to EncryptableMapPropertySourceWrapper
2023-09-19 09:29:31[main][INFO][com.ulisesbocchio.jasyptspringboot.EncryptablePropertySourceConverter.makeEncryptable][41]-> Converting PropertySource applicationConfig: [classpath:/application.yml] [org.springframework.boot.env.OriginTrackedMapPropertySource] to EncryptableMapPropertySourceWrapper
2023-09-19 09:29:31[main][INFO][com.ulisesbocchio.jasyptspringboot.filter.DefaultLazyPropertyFilter.lambda$null$2][34]-> Property Filter custom Bean not found with name 'encryptablePropertyFilter'. Initializing Default Property Filter
2023-09-19 09:29:31[main][INFO][org.springframework.context.support.PostProcessorRegistrationDelegate$BeanPostProcessorChecker.postProcessAfterInitialization][330]-> Bean 'org.springframework.transaction.annotation.ProxyTransactionManagementConfiguration' of type [org.springframework.transaction.annotation.ProxyTransactionManagementConfiguration$$EnhancerBySpringCGLIB$$e005939d] is not eligible for getting processed by all BeanPostProcessors (for example: not eligible for auto-proxying)
2023-09-19 09:29:32[main][INFO][org.springframework.context.support.PostProcessorRegistrationDelegate$BeanPostProcessorChecker.postProcessAfterInitialization][330]-> Bean 'org.springframework.security.config.annotation.configuration.ObjectPostProcessorConfiguration' of type [org.springframework.security.config.annotation.configuration.ObjectPostProcessorConfiguration$$EnhancerBySpringCGLIB$$78b35bd7] is not eligible for getting processed by all BeanPostProcessors (for example: not eligible for auto-proxying)
2023-09-19 09:29:32[main][INFO][org.springframework.context.support.PostProcessorRegistrationDelegate$BeanPostProcessorChecker.postProcessAfterInitialization][330]-> Bean 'objectPostProcessor' of type [org.springframework.security.config.annotation.configuration.AutowireBeanFactoryObjectPostProcessor] is not eligible for getting processed by all BeanPostProcessors (for example: not eligible for auto-proxying)
2023-09-19 09:29:32[main][INFO][org.springframework.context.support.PostProcessorRegistrationDelegate$BeanPostProcessorChecker.postProcessAfterInitialization][330]-> Bean 'org.springframework.security.access.expression.method.DefaultMethodSecurityExpressionHandler@738d37fc' of type [org.springframework.security.access.expression.method.DefaultMethodSecurityExpressionHandler] is not eligible for getting processed by all BeanPostProcessors (for example: not eligible for auto-proxying)
2023-09-19 09:29:32[main][INFO][org.springframework.context.support.PostProcessorRegistrationDelegate$BeanPostProcessorChecker.postProcessAfterInitialization][330]-> Bean 'org.springframework.security.config.annotation.method.configuration.GlobalMethodSecurityConfiguration' of type [org.springframework.security.config.annotation.method.configuration.GlobalMethodSecurityConfiguration$$EnhancerBySpringCGLIB$$9d87fe89] is not eligible for getting processed by all BeanPostProcessors (for example: not eligible for auto-proxying)
2023-09-19 09:29:32[main][INFO][org.springframework.context.support.PostProcessorRegistrationDelegate$BeanPostProcessorChecker.postProcessAfterInitialization][330]-> Bean 'methodSecurityMetadataSource' of type [org.springframework.security.access.method.DelegatingMethodSecurityMetadataSource] is not eligible for getting processed by all BeanPostProcessors (for example: not eligible for auto-proxying)
2023-09-19 09:29:32[main][INFO][com.ulisesbocchio.jasyptspringboot.resolver.DefaultLazyPropertyResolver.lambda$null$2][35]-> Property Resolver custom Bean not found with name 'encryptablePropertyResolver'. Initializing Default Property Resolver
2023-09-19 09:29:32[main][INFO][com.ulisesbocchio.jasyptspringboot.detector.DefaultLazyPropertyDetector.lambda$null$2][33]-> Property Detector custom Bean not found with name 'encryptablePropertyDetector'. Initializing Default Property Detector
2023-09-19 09:29:33[main][INFO][org.springframework.boot.web.embedded.tomcat.TomcatWebServer.initialize][90]-> Tomcat initialized with port(s): 10856 (https)
2023-09-19 09:29:33[main][INFO][org.apache.coyote.http11.Http11NioProtocol.log][173]-> Initializing ProtocolHandler ["https-jsse-nio-10856"]
2023-09-19 09:29:33[main][INFO][org.apache.catalina.core.StandardService.log][173]-> Starting service [Tomcat]
2023-09-19 09:29:33[main][INFO][org.apache.catalina.core.StandardEngine.log][173]-> Starting Servlet engine: [Apache Tomcat/9.0.24]
2023-09-19 09:29:33[main][INFO][org.apache.catalina.core.ContainerBase.[Tomcat].[localhost].[/].log][173]-> Initializing Spring embedded WebApplicationContext
2023-09-19 09:29:33[main][INFO][org.springframework.web.context.ContextLoader.prepareWebApplicationContext][284]-> Root WebApplicationContext: initialization completed in 6137 ms
2023-09-19 09:29:33[main][INFO][com.alibaba.druid.spring.boot.autoconfigure.DruidDataSourceAutoConfigure.dataSource][56]-> Init DruidDataSource
2023-09-19 09:29:33[main][INFO][com.alibaba.druid.pool.DruidDataSource.init][930]-> {dataSource-1} inited
2023-09-19 09:29:34[main][INFO][org.springframework.beans.factory.annotation.AutowiredAnnotationBeanPostProcessor.lambda$buildAutowiringMetadata$2][471]-> Autowired annotation should only be used on methods with parameters: public void com.banner.common.constant.Properties.setDeviceId() throws java.net.UnknownHostException
2023-09-19 09:29:35[main][INFO][springfox.documentation.spring.web.PropertySourcedRequestMappingHandlerMapping.initHandlerMethods][69]-> Mapped URL path [/v2/api-docs] onto method [public org.springframework.http.ResponseEntity<springfox.documentation.spring.web.json.Json> springfox.documentation.swagger2.web.Swagger2Controller.getDocumentation(java.lang.String,javax.servlet.http.HttpServletRequest)]
2023-09-19 09:29:36[main][INFO][io.lettuce.core.EpollProvider.<clinit>][68]-> Starting without optional epoll library
2023-09-19 09:29:36[main][INFO][io.lettuce.core.KqueueProvider.<clinit>][70]-> Starting without optional kqueue library
2023-09-19 09:29:37[main][INFO][org.springframework.boot.autoconfigure.web.servlet.WelcomePageHandlerMapping.<init>][54]-> Adding welcome page: class path resource [static/index.html]
2023-09-19 09:31:25[main][INFO][com.IntelligentAuditingApplication.logStarting][50]-> Starting IntelligentAuditingApplication v0.0.1-SNAPSHOT on DESKTOP-6DR8OND with PID 40760 (E:\榆林\intelligentAuditing-website-tianshui.jar started by Mayzh in E:\榆林)
2023-09-19 09:31:25[main][INFO][com.IntelligentAuditingApplication.logStartupProfileInfo][652]-> The following profiles are active: tianshui
2023-09-19 09:31:28[main][INFO][org.springframework.data.repository.config.RepositoryConfigurationDelegate.multipleStoresDetected][244]-> Multiple Spring Data modules found, entering strict repository configuration mode!
2023-09-19 09:31:28[main][INFO][org.springframework.data.repository.config.RepositoryConfigurationDelegate.registerRepositoriesIn][126]-> Bootstrapping Spring Data repositories in DEFAULT mode.
2023-09-19 09:31:29[main][INFO][org.springframework.data.repository.config.RepositoryConfigurationDelegate.registerRepositoriesIn][182]-> Finished Spring Data repository scanning in 444ms. Found 0 repository interfaces.
2023-09-19 09:31:29[main][INFO][com.ulisesbocchio.jasyptspringboot.configuration.EnableEncryptablePropertiesBeanFactoryPostProcessor.postProcessBeanFactory][48]-> Post-processing PropertySource instances
2023-09-19 09:31:29[main][INFO][com.ulisesbocchio.jasyptspringboot.EncryptablePropertySourceConverter.makeEncryptable][41]-> Converting PropertySource configurationProperties [org.springframework.boot.context.properties.source.ConfigurationPropertySourcesPropertySource] to AOP Proxy
2023-09-19 09:31:29[main][INFO][com.ulisesbocchio.jasyptspringboot.EncryptablePropertySourceConverter.makeEncryptable][41]-> Converting PropertySource servletConfigInitParams [org.springframework.core.env.PropertySource$StubPropertySource] to EncryptablePropertySourceWrapper
2023-09-19 09:31:29[main][INFO][com.ulisesbocchio.jasyptspringboot.EncryptablePropertySourceConverter.makeEncryptable][41]-> Converting PropertySource servletContextInitParams [org.springframework.core.env.PropertySource$StubPropertySource] to EncryptablePropertySourceWrapper
2023-09-19 09:31:29[main][INFO][com.ulisesbocchio.jasyptspringboot.EncryptablePropertySourceConverter.makeEncryptable][41]-> Converting PropertySource systemProperties [org.springframework.core.env.PropertiesPropertySource] to EncryptableMapPropertySourceWrapper
2023-09-19 09:31:29[main][INFO][com.ulisesbocchio.jasyptspringboot.EncryptablePropertySourceConverter.makeEncryptable][41]-> Converting PropertySource systemEnvironment [org.springframework.boot.env.SystemEnvironmentPropertySourceEnvironmentPostProcessor$OriginAwareSystemEnvironmentPropertySource] to EncryptableSystemEnvironmentPropertySourceWrapper
2023-09-19 09:31:29[main][INFO][com.ulisesbocchio.jasyptspringboot.EncryptablePropertySourceConverter.makeEncryptable][41]-> Converting PropertySource random [org.springframework.boot.env.RandomValuePropertySource] to EncryptablePropertySourceWrapper
2023-09-19 09:31:29[main][INFO][com.ulisesbocchio.jasyptspringboot.EncryptablePropertySourceConverter.makeEncryptable][41]-> Converting PropertySource applicationConfig: [classpath:/application-tianshui.yml] [org.springframework.boot.env.OriginTrackedMapPropertySource] to EncryptableMapPropertySourceWrapper
2023-09-19 09:31:29[main][INFO][com.ulisesbocchio.jasyptspringboot.EncryptablePropertySourceConverter.makeEncryptable][41]-> Converting PropertySource applicationConfig: [classpath:/application.yml] [org.springframework.boot.env.OriginTrackedMapPropertySource] to EncryptableMapPropertySourceWrapper
2023-09-19 09:31:29[main][INFO][com.ulisesbocchio.jasyptspringboot.filter.DefaultLazyPropertyFilter.lambda$null$2][34]-> Property Filter custom Bean not found with name 'encryptablePropertyFilter'. Initializing Default Property Filter
2023-09-19 09:31:29[main][INFO][org.springframework.context.support.PostProcessorRegistrationDelegate$BeanPostProcessorChecker.postProcessAfterInitialization][330]-> Bean 'org.springframework.transaction.annotation.ProxyTransactionManagementConfiguration' of type [org.springframework.transaction.annotation.ProxyTransactionManagementConfiguration$$EnhancerBySpringCGLIB$$46102775] is not eligible for getting processed by all BeanPostProcessors (for example: not eligible for auto-proxying)
2023-09-19 09:31:29[main][INFO][org.springframework.context.support.PostProcessorRegistrationDelegate$BeanPostProcessorChecker.postProcessAfterInitialization][330]-> Bean 'org.springframework.security.config.annotation.configuration.ObjectPostProcessorConfiguration' of type [org.springframework.security.config.annotation.configuration.ObjectPostProcessorConfiguration$$EnhancerBySpringCGLIB$$debdefaf] is not eligible for getting processed by all BeanPostProcessors (for example: not eligible for auto-proxying)
2023-09-19 09:31:29[main][INFO][org.springframework.context.support.PostProcessorRegistrationDelegate$BeanPostProcessorChecker.postProcessAfterInitialization][330]-> Bean 'objectPostProcessor' of type [org.springframework.security.config.annotation.configuration.AutowireBeanFactoryObjectPostProcessor] is not eligible for getting processed by all BeanPostProcessors (for example: not eligible for auto-proxying)
2023-09-19 09:31:29[main][INFO][org.springframework.context.support.PostProcessorRegistrationDelegate$BeanPostProcessorChecker.postProcessAfterInitialization][330]-> Bean 'org.springframework.security.access.expression.method.DefaultMethodSecurityExpressionHandler@79e7188e' of type [org.springframework.security.access.expression.method.DefaultMethodSecurityExpressionHandler] is not eligible for getting processed by all BeanPostProcessors (for example: not eligible for auto-proxying)
2023-09-19 09:31:29[main][INFO][org.springframework.context.support.PostProcessorRegistrationDelegate$BeanPostProcessorChecker.postProcessAfterInitialization][330]-> Bean 'org.springframework.security.config.annotation.method.configuration.GlobalMethodSecurityConfiguration' of type [org.springframework.security.config.annotation.method.configuration.GlobalMethodSecurityConfiguration$$EnhancerBySpringCGLIB$$3929261] is not eligible for getting processed by all BeanPostProcessors (for example: not eligible for auto-proxying)
2023-09-19 09:31:29[main][INFO][org.springframework.context.support.PostProcessorRegistrationDelegate$BeanPostProcessorChecker.postProcessAfterInitialization][330]-> Bean 'methodSecurityMetadataSource' of type [org.springframework.security.access.method.DelegatingMethodSecurityMetadataSource] is not eligible for getting processed by all BeanPostProcessors (for example: not eligible for auto-proxying)
2023-09-19 09:31:30[main][INFO][com.ulisesbocchio.jasyptspringboot.resolver.DefaultLazyPropertyResolver.lambda$null$2][35]-> Property Resolver custom Bean not found with name 'encryptablePropertyResolver'. Initializing Default Property Resolver
2023-09-19 09:31:30[main][INFO][com.ulisesbocchio.jasyptspringboot.detector.DefaultLazyPropertyDetector.lambda$null$2][33]-> Property Detector custom Bean not found with name 'encryptablePropertyDetector'. Initializing Default Property Detector
2023-09-19 09:31:30[main][INFO][org.springframework.boot.web.embedded.tomcat.TomcatWebServer.initialize][90]-> Tomcat initialized with port(s): 10856 (https)
2023-09-19 09:31:30[main][INFO][org.apache.coyote.http11.Http11NioProtocol.log][173]-> Initializing ProtocolHandler ["https-jsse-nio-10856"]
2023-09-19 09:31:30[main][INFO][org.apache.catalina.core.StandardService.log][173]-> Starting service [Tomcat]
2023-09-19 09:31:30[main][INFO][org.apache.catalina.core.StandardEngine.log][173]-> Starting Servlet engine: [Apache Tomcat/9.0.24]
2023-09-19 09:31:31[main][INFO][org.apache.catalina.core.ContainerBase.[Tomcat].[localhost].[/].log][173]-> Initializing Spring embedded WebApplicationContext
2023-09-19 09:31:31[main][INFO][org.springframework.web.context.ContextLoader.prepareWebApplicationContext][284]-> Root WebApplicationContext: initialization completed in 4960 ms
2023-09-19 09:31:31[main][INFO][com.alibaba.druid.spring.boot.autoconfigure.DruidDataSourceAutoConfigure.dataSource][56]-> Init DruidDataSource
2023-09-19 09:31:31[main][INFO][com.alibaba.druid.pool.DruidDataSource.init][930]-> {dataSource-1} inited
2023-09-19 09:31:32[main][INFO][org.springframework.beans.factory.annotation.AutowiredAnnotationBeanPostProcessor.lambda$buildAutowiringMetadata$2][471]-> Autowired annotation should only be used on methods with parameters: public void com.banner.common.constant.Properties.setDeviceId() throws java.net.UnknownHostException
2023-09-19 09:31:32[main][INFO][springfox.documentation.spring.web.PropertySourcedRequestMappingHandlerMapping.initHandlerMethods][69]-> Mapped URL path [/v2/api-docs] onto method [public org.springframework.http.ResponseEntity<springfox.documentation.spring.web.json.Json> springfox.documentation.swagger2.web.Swagger2Controller.getDocumentation(java.lang.String,javax.servlet.http.HttpServletRequest)]
2023-09-19 09:31:33[main][INFO][io.lettuce.core.EpollProvider.<clinit>][68]-> Starting without optional epoll library
2023-09-19 09:31:33[main][INFO][io.lettuce.core.KqueueProvider.<clinit>][70]-> Starting without optional kqueue library
2023-09-19 09:31:34[main][INFO][org.springframework.boot.autoconfigure.web.servlet.WelcomePageHandlerMapping.<init>][54]-> Adding welcome page: class path resource [static/index.html]
2023-09-19 09:31:35[main][INFO][org.springframework.security.web.DefaultSecurityFilterChain.<init>][43]-> Creating filter chain: Mvc [pattern='/index'], []
2023-09-19 09:31:35[main][INFO][org.springframework.security.web.DefaultSecurityFilterChain.<init>][43]-> Creating filter chain: Mvc [pattern='/login'], []
2023-09-19 09:31:35[main][INFO][org.springframework.security.web.DefaultSecurityFilterChain.<init>][43]-> Creating filter chain: Mvc [pattern='/logout'], []
2023-09-19 09:31:35[main][INFO][org.springframework.security.web.DefaultSecurityFilterChain.<init>][43]-> Creating filter chain: Mvc [pattern='/favicon.ico'], []
2023-09-19 09:31:35[main][INFO][org.springframework.security.web.DefaultSecurityFilterChain.<init>][43]-> Creating filter chain: Mvc [pattern='/auto/autoResult'], []
2023-09-19 09:31:35[main][INFO][org.springframework.security.web.DefaultSecurityFilterChain.<init>][43]-> Creating filter chain: Mvc [pattern='/auto/autocheck'], []
2023-09-19 09:31:35[main][INFO][org.springframework.security.web.DefaultSecurityFilterChain.<init>][43]-> Creating filter chain: Mvc [pattern='/shtj/agglshimgtask'], []
2023-09-19 09:31:35[main][INFO][org.springframework.security.web.DefaultSecurityFilterChain.<init>][43]-> Creating filter chain: Mvc [pattern='/exportCsv'], []
2023-09-19 09:31:35[main][INFO][org.springframework.security.web.DefaultSecurityFilterChain.<init>][43]-> Creating filter chain: any request, [org.springframework.security.web.context.request.async.WebAsyncManagerIntegrationFilter@595f9916, org.springframework.security.web.context.SecurityContextPersistenceFilter@1785d194, org.springframework.security.web.header.HeaderWriterFilter@4def7d36, org.springframework.web.filter.CorsFilter@2055833f, org.springframework.security.web.authentication.logout.LogoutFilter@32ae8f27, com.banner.system.security.filter.JwtAuthenticationTokenFilter@4b325930, org.springframework.security.web.authentication.www.BasicAuthenticationFilter@3dec3f87, org.springframework.security.web.savedrequest.RequestCacheAwareFilter@46a8c2b4, org.springframework.security.web.servletapi.SecurityContextHolderAwareRequestFilter@4fd74223, org.springframework.security.web.authentication.rememberme.RememberMeAuthenticationFilter@5dbab232, org.springframework.security.web.authentication.AnonymousAuthenticationFilter@28768e25, org.springframework.security.web.session.SessionManagementFilter@67f946c3, org.springframework.security.web.access.ExceptionTranslationFilter@530ee28b, org.springframework.security.web.access.intercept.FilterSecurityInterceptor@656842bc]
2023-09-19 09:31:35[main][INFO][org.springframework.scheduling.concurrent.ThreadPoolTaskExecutor.initialize][171]-> Initializing ExecutorService 'applicationTaskExecutor'
2023-09-19 09:31:35[main][INFO][org.springframework.scheduling.concurrent.ThreadPoolTaskScheduler.initialize][171]-> Initializing ExecutorService 'taskScheduler'
2023-09-19 09:31:35[main][INFO][springfox.documentation.spring.web.plugins.DocumentationPluginsBootstrapper.start][151]-> Context refreshed
2023-09-19 09:31:35[main][INFO][springfox.documentation.spring.web.plugins.DocumentationPluginsBootstrapper.start][154]-> Found 1 custom documentation plugin(s)
2023-09-19 09:31:35[main][INFO][springfox.documentation.spring.web.scanners.ApiListingReferenceScanner.scan][41]-> Scanning for api listing references
2023-09-19 09:31:35[main][INFO][springfox.documentation.spring.web.readers.operation.CachingOperationNameGenerator.startingWith][40]-> Generating unique operation named: addcxUsingPOST_1
2023-09-19 09:31:35[main][INFO][springfox.documentation.spring.web.readers.operation.CachingOperationNameGenerator.startingWith][40]-> Generating unique operation named: cxListUsingPOST_1
2023-09-19 09:31:35[main][INFO][springfox.documentation.spring.web.readers.operation.CachingOperationNameGenerator.startingWith][40]-> Generating unique operation named: delcxUsingPOST_1
2023-09-19 09:31:35[main][INFO][springfox.documentation.spring.web.readers.operation.CachingOperationNameGenerator.startingWith][40]-> Generating unique operation named: cxListUsingPOST_2
2023-09-19 09:31:35[main][INFO][springfox.documentation.spring.web.readers.operation.CachingOperationNameGenerator.startingWith][40]-> Generating unique operation named: delcxUsingPOST_2
2023-09-19 09:31:35[main][INFO][springfox.documentation.spring.web.readers.operation.CachingOperationNameGenerator.startingWith][40]-> Generating unique operation named: listUsingPOST_1
2023-09-19 09:31:36[main][INFO][springfox.documentation.spring.web.readers.operation.CachingOperationNameGenerator.startingWith][40]-> Generating unique operation named: listUsingPOST_2
2023-09-19 09:31:36[main][INFO][springfox.documentation.spring.web.readers.operation.CachingOperationNameGenerator.startingWith][40]-> Generating unique operation named: listUsingPOST_3
2023-09-19 09:31:36[main][INFO][springfox.documentation.spring.web.readers.operation.CachingOperationNameGenerator.startingWith][40]-> Generating unique operation named: listUsingPOST_4
2023-09-19 09:31:36[main][INFO][springfox.documentation.spring.web.readers.operation.CachingOperationNameGenerator.startingWith][40]-> Generating unique operation named: listUsingPOST_5
2023-09-19 09:31:36[main][INFO][springfox.documentation.spring.web.readers.operation.CachingOperationNameGenerator.startingWith][40]-> Generating unique operation named: deleteUsingPOST_1
2023-09-19 09:31:36[main][INFO][org.apache.coyote.http11.Http11NioProtocol.log][173]-> Starting ProtocolHandler ["https-jsse-nio-10856"]
2023-09-19 09:31:36[main][INFO][org.springframework.boot.web.embedded.tomcat.TomcatWebServer.start][202]-> Tomcat started on port(s): 10856 (https) with context path ''
2023-09-19 09:31:36[main][INFO][com.IntelligentAuditingApplication.logStarted][59]-> Started IntelligentAuditingApplication in 10.82 seconds (JVM running for 11.185)
2023-09-19 09:31:41[https-jsse-nio-10856-exec-4][INFO][org.apache.catalina.core.ContainerBase.[Tomcat].[localhost].[/].log][173]-> Initializing Spring DispatcherServlet 'dispatcherServlet'
2023-09-19 09:31:41[https-jsse-nio-10856-exec-4][INFO][org.springframework.web.servlet.DispatcherServlet.initServletBean][524]-> Initializing Servlet 'dispatcherServlet'
2023-09-19 09:31:41[https-jsse-nio-10856-exec-4][INFO][org.springframework.web.servlet.DispatcherServlet.initServletBean][546]-> Completed initialization in 9 ms
2023-09-19 09:40:00[scheduling-1][INFO][com.banner.monitor.MonitorTask.checkTask][47]-> 交换程序运行异常，重启完成
2023-09-19 09:50:00[scheduling-1][INFO][com.banner.monitor.MonitorTask.checkTask][47]-> 交换程序运行异常，重启完成
2023-09-19 10:00:00[scheduling-1][INFO][com.banner.monitor.MonitorTask.checkTask][47]-> 交换程序运行异常，重启完成
2023-09-19 10:10:00[scheduling-1][INFO][com.banner.monitor.MonitorTask.checkTask][47]-> 交换程序运行异常，重启完成
2023-09-19 10:20:00[scheduling-1][INFO][com.banner.monitor.MonitorTask.checkTask][47]-> 交换程序运行异常，重启完成
2023-09-19 10:30:00[scheduling-1][INFO][com.banner.monitor.MonitorTask.checkTask][47]-> 交换程序运行异常，重启完成
2023-09-19 10:40:00[scheduling-1][INFO][com.banner.monitor.MonitorTask.checkTask][47]-> 交换程序运行异常，重启完成
2023-09-19 10:50:00[scheduling-1][INFO][com.banner.monitor.MonitorTask.checkTask][47]-> 交换程序运行异常，重启完成
2023-09-19 11:00:00[scheduling-1][INFO][com.banner.monitor.MonitorTask.checkTask][47]-> 交换程序运行异常，重启完成
2023-09-19 11:10:00[scheduling-1][INFO][com.banner.monitor.MonitorTask.checkTask][47]-> 交换程序运行异常，重启完成
2023-09-19 11:20:00[scheduling-1][INFO][com.banner.monitor.MonitorTask.checkTask][47]-> 交换程序运行异常，重启完成
2023-09-19 11:30:00[scheduling-1][INFO][com.banner.monitor.MonitorTask.checkTask][47]-> 交换程序运行异常，重启完成
2023-09-19 11:40:00[scheduling-1][INFO][com.banner.monitor.MonitorTask.checkTask][47]-> 交换程序运行异常，重启完成
2023-09-19 11:50:00[scheduling-1][INFO][com.banner.monitor.MonitorTask.checkTask][47]-> 交换程序运行异常，重启完成
2023-09-19 12:00:00[scheduling-1][INFO][com.banner.monitor.MonitorTask.checkTask][47]-> 交换程序运行异常，重启完成
2023-09-19 12:10:00[scheduling-1][INFO][com.banner.monitor.MonitorTask.checkTask][47]-> 交换程序运行异常，重启完成
2023-09-19 12:20:00[scheduling-1][INFO][com.banner.monitor.MonitorTask.checkTask][47]-> 交换程序运行异常，重启完成
2023-09-19 12:30:00[scheduling-1][INFO][com.banner.monitor.MonitorTask.checkTask][47]-> 交换程序运行异常，重启完成
2023-09-19 12:40:00[scheduling-1][INFO][com.banner.monitor.MonitorTask.checkTask][47]-> 交换程序运行异常，重启完成
2023-09-19 12:50:00[scheduling-1][INFO][com.banner.monitor.MonitorTask.checkTask][47]-> 交换程序运行异常，重启完成
2023-09-19 13:00:00[scheduling-1][INFO][com.banner.monitor.MonitorTask.checkTask][47]-> 交换程序运行异常，重启完成
2023-09-19 13:10:00[scheduling-1][INFO][com.banner.monitor.MonitorTask.checkTask][47]-> 交换程序运行异常，重启完成
2023-09-19 13:20:00[scheduling-1][INFO][com.banner.monitor.MonitorTask.checkTask][47]-> 交换程序运行异常，重启完成
2023-09-19 13:30:00[scheduling-1][INFO][com.banner.monitor.MonitorTask.checkTask][47]-> 交换程序运行异常，重启完成
2023-09-19 13:40:00[scheduling-1][INFO][com.banner.monitor.MonitorTask.checkTask][47]-> 交换程序运行异常，重启完成
2023-09-19 13:50:00[scheduling-1][INFO][com.banner.monitor.MonitorTask.checkTask][47]-> 交换程序运行异常，重启完成
2023-09-19 14:00:00[scheduling-1][INFO][com.banner.monitor.MonitorTask.checkTask][47]-> 交换程序运行异常，重启完成
2023-09-19 14:10:00[scheduling-1][INFO][com.banner.monitor.MonitorTask.checkTask][47]-> 交换程序运行异常，重启完成
2023-09-19 14:20:00[scheduling-1][INFO][com.banner.monitor.MonitorTask.checkTask][47]-> 交换程序运行异常，重启完成
2023-09-19 14:30:00[scheduling-1][INFO][com.banner.monitor.MonitorTask.checkTask][47]-> 交换程序运行异常，重启完成
2023-09-19 14:40:00[scheduling-1][INFO][com.banner.monitor.MonitorTask.checkTask][47]-> 交换程序运行异常，重启完成
2023-09-19 14:50:00[scheduling-1][INFO][com.banner.monitor.MonitorTask.checkTask][47]-> 交换程序运行异常，重启完成
2023-09-19 15:00:00[scheduling-1][INFO][com.banner.monitor.MonitorTask.checkTask][47]-> 交换程序运行异常，重启完成
2023-09-19 15:10:00[scheduling-1][INFO][com.banner.monitor.MonitorTask.checkTask][47]-> 交换程序运行异常，重启完成
2023-09-19 15:20:00[scheduling-1][INFO][com.banner.monitor.MonitorTask.checkTask][47]-> 交换程序运行异常，重启完成
2023-09-19 15:30:00[scheduling-1][INFO][com.banner.monitor.MonitorTask.checkTask][47]-> 交换程序运行异常，重启完成
2023-09-19 15:40:00[scheduling-1][INFO][com.banner.monitor.MonitorTask.checkTask][47]-> 交换程序运行异常，重启完成
2023-09-19 15:50:00[scheduling-1][INFO][com.banner.monitor.MonitorTask.checkTask][47]-> 交换程序运行异常，重启完成
2023-09-19 16:00:00[scheduling-1][INFO][com.banner.monitor.MonitorTask.checkTask][47]-> 交换程序运行异常，重启完成
